mode: set
github.com/Gary-Gs/go-clean-arch/author/repository/mysql/mysql_repository.go:15.67,19.2 1 1
github.com/Gary-Gs/go-clean-arch/author/repository/mysql/mysql_repository.go:21.121,23.16 2 1
github.com/Gary-Gs/go-clean-arch/author/repository/mysql/mysql_repository.go:26.2,35.8 4 1
github.com/Gary-Gs/go-clean-arch/author/repository/mysql/mysql_repository.go:23.16,25.3 1 0
github.com/Gary-Gs/go-clean-arch/author/repository/mysql/mysql_repository.go:38.89,41.2 2 1
github.com/Gary-Gs/go-clean-arch/article/repository/mysql/mysql_article.go:19.71,21.2 1 1
github.com/Gary-Gs/go-clean-arch/article/repository/mysql/mysql_article.go:23.133,25.16 2 1
github.com/Gary-Gs/go-clean-arch/article/repository/mysql/mysql_article.go:30.2,30.15 1 1
github.com/Gary-Gs/go-clean-arch/article/repository/mysql/mysql_article.go:37.2,38.18 2 1
github.com/Gary-Gs/go-clean-arch/article/repository/mysql/mysql_article.go:60.2,60.20 1 1
github.com/Gary-Gs/go-clean-arch/article/repository/mysql/mysql_article.go:25.16,28.3 2 0
github.com/Gary-Gs/go-clean-arch/article/repository/mysql/mysql_article.go:30.15,32.20 2 1
github.com/Gary-Gs/go-clean-arch/article/repository/mysql/mysql_article.go:32.20,34.4 1 0
github.com/Gary-Gs/go-clean-arch/article/repository/mysql/mysql_article.go:38.18,50.17 4 1
github.com/Gary-Gs/go-clean-arch/article/repository/mysql/mysql_article.go:54.3,57.29 2 1
github.com/Gary-Gs/go-clean-arch/article/repository/mysql/mysql_article.go:50.17,53.4 2 0
github.com/Gary-Gs/go-clean-arch/article/repository/mysql/mysql_article.go:63.140,68.32 3 1
github.com/Gary-Gs/go-clean-arch/article/repository/mysql/mysql_article.go:72.2,73.16 2 1
github.com/Gary-Gs/go-clean-arch/article/repository/mysql/mysql_article.go:77.2,77.26 1 1
github.com/Gary-Gs/go-clean-arch/article/repository/mysql/mysql_article.go:81.2,81.8 1 1
github.com/Gary-Gs/go-clean-arch/article/repository/mysql/mysql_article.go:68.32,70.3 1 0
github.com/Gary-Gs/go-clean-arch/article/repository/mysql/mysql_article.go:73.16,75.3 1 0
github.com/Gary-Gs/go-clean-arch/article/repository/mysql/mysql_article.go:77.26,79.3 1 1
github.com/Gary-Gs/go-clean-arch/article/repository/mysql/mysql_article.go:83.105,88.16 3 1
github.com/Gary-Gs/go-clean-arch/article/repository/mysql/mysql_article.go:92.2,92.19 1 1
github.com/Gary-Gs/go-clean-arch/article/repository/mysql/mysql_article.go:98.2,98.8 1 1
github.com/Gary-Gs/go-clean-arch/article/repository/mysql/mysql_article.go:88.16,90.3 1 0
github.com/Gary-Gs/go-clean-arch/article/repository/mysql/mysql_article.go:92.19,94.3 1 1
github.com/Gary-Gs/go-clean-arch/article/repository/mysql/mysql_article.go:94.8,96.3 1 0
github.com/Gary-Gs/go-clean-arch/article/repository/mysql/mysql_article.go:101.112,106.16 3 1
github.com/Gary-Gs/go-clean-arch/article/repository/mysql/mysql_article.go:110.2,110.19 1 1
github.com/Gary-Gs/go-clean-arch/article/repository/mysql/mysql_article.go:115.2,115.8 1 1
github.com/Gary-Gs/go-clean-arch/article/repository/mysql/mysql_article.go:106.16,108.3 1 0
github.com/Gary-Gs/go-clean-arch/article/repository/mysql/mysql_article.go:110.19,112.3 1 1
github.com/Gary-Gs/go-clean-arch/article/repository/mysql/mysql_article.go:112.8,114.3 1 0
github.com/Gary-Gs/go-clean-arch/article/repository/mysql/mysql_article.go:118.92,121.16 3 1
github.com/Gary-Gs/go-clean-arch/article/repository/mysql/mysql_article.go:125.2,126.16 2 1
github.com/Gary-Gs/go-clean-arch/article/repository/mysql/mysql_article.go:129.2,130.16 2 1
github.com/Gary-Gs/go-clean-arch/article/repository/mysql/mysql_article.go:133.2,134.8 2 1
github.com/Gary-Gs/go-clean-arch/article/repository/mysql/mysql_article.go:121.16,123.3 1 0
github.com/Gary-Gs/go-clean-arch/article/repository/mysql/mysql_article.go:126.16,128.3 1 0
github.com/Gary-Gs/go-clean-arch/article/repository/mysql/mysql_article.go:130.16,132.3 1 0
github.com/Gary-Gs/go-clean-arch/article/repository/mysql/mysql_article.go:137.84,141.16 3 1
github.com/Gary-Gs/go-clean-arch/article/repository/mysql/mysql_article.go:145.2,146.16 2 1
github.com/Gary-Gs/go-clean-arch/article/repository/mysql/mysql_article.go:150.2,151.16 2 1
github.com/Gary-Gs/go-clean-arch/article/repository/mysql/mysql_article.go:155.2,155.22 1 1
github.com/Gary-Gs/go-clean-arch/article/repository/mysql/mysql_article.go:160.2,160.8 1 1
github.com/Gary-Gs/go-clean-arch/article/repository/mysql/mysql_article.go:141.16,143.3 1 0
github.com/Gary-Gs/go-clean-arch/article/repository/mysql/mysql_article.go:146.16,148.3 1 0
github.com/Gary-Gs/go-clean-arch/article/repository/mysql/mysql_article.go:151.16,153.3 1 0
github.com/Gary-Gs/go-clean-arch/article/repository/mysql/mysql_article.go:155.22,158.3 2 0
github.com/Gary-Gs/go-clean-arch/article/repository/mysql/mysql_article.go:162.94,166.16 3 1
github.com/Gary-Gs/go-clean-arch/article/repository/mysql/mysql_article.go:170.2,171.16 2 1
github.com/Gary-Gs/go-clean-arch/article/repository/mysql/mysql_article.go:174.2,175.16 2 1
github.com/Gary-Gs/go-clean-arch/article/repository/mysql/mysql_article.go:178.2,178.17 1 1
github.com/Gary-Gs/go-clean-arch/article/repository/mysql/mysql_article.go:183.2,183.8 1 1
github.com/Gary-Gs/go-clean-arch/article/repository/mysql/mysql_article.go:166.16,168.3 1 0
github.com/Gary-Gs/go-clean-arch/article/repository/mysql/mysql_article.go:171.16,173.3 1 0
github.com/Gary-Gs/go-clean-arch/article/repository/mysql/mysql_article.go:175.16,177.3 1 0
github.com/Gary-Gs/go-clean-arch/article/repository/mysql/mysql_article.go:178.17,181.3 2 0
github.com/Gary-Gs/go-clean-arch/article/usecase/article_ucase.go:20.125,26.2 1 1
github.com/Gary-Gs/go-clean-arch/article/usecase/article_ucase.go:33.112,39.31 3 1
github.com/Gary-Gs/go-clean-arch/article/usecase/article_ucase.go:43.2,44.35 2 1
github.com/Gary-Gs/go-clean-arch/article/usecase/article_ucase.go:56.2,56.12 1 1
github.com/Gary-Gs/go-clean-arch/article/usecase/article_ucase.go:65.2,65.33 1 1
github.com/Gary-Gs/go-clean-arch/article/usecase/article_ucase.go:71.2,71.33 1 1
github.com/Gary-Gs/go-clean-arch/article/usecase/article_ucase.go:76.2,76.32 1 1
github.com/Gary-Gs/go-clean-arch/article/usecase/article_ucase.go:81.2,81.18 1 1
github.com/Gary-Gs/go-clean-arch/article/usecase/article_ucase.go:39.31,41.3 1 1
github.com/Gary-Gs/go-clean-arch/article/usecase/article_ucase.go:44.35,46.21 2 1
github.com/Gary-Gs/go-clean-arch/article/usecase/article_ucase.go:46.21,48.18 2 1
github.com/Gary-Gs/go-clean-arch/article/usecase/article_ucase.go:51.4,52.14 2 1
github.com/Gary-Gs/go-clean-arch/article/usecase/article_ucase.go:48.18,50.5 1 0
github.com/Gary-Gs/go-clean-arch/article/usecase/article_ucase.go:56.12,58.17 2 1
github.com/Gary-Gs/go-clean-arch/article/usecase/article_ucase.go:62.3,62.20 1 1
github.com/Gary-Gs/go-clean-arch/article/usecase/article_ucase.go:58.17,61.4 2 0
github.com/Gary-Gs/go-clean-arch/article/usecase/article_ucase.go:65.33,66.34 1 1
github.com/Gary-Gs/go-clean-arch/article/usecase/article_ucase.go:66.34,68.4 1 1
github.com/Gary-Gs/go-clean-arch/article/usecase/article_ucase.go:71.33,73.3 1 0
github.com/Gary-Gs/go-clean-arch/article/usecase/article_ucase.go:76.32,77.46 1 1
github.com/Gary-Gs/go-clean-arch/article/usecase/article_ucase.go:77.46,79.4 1 1
github.com/Gary-Gs/go-clean-arch/article/usecase/article_ucase.go:84.130,85.14 1 1
github.com/Gary-Gs/go-clean-arch/article/usecase/article_ucase.go:89.2,93.16 4 1
github.com/Gary-Gs/go-clean-arch/article/usecase/article_ucase.go:97.2,98.16 2 1
github.com/Gary-Gs/go-clean-arch/article/usecase/article_ucase.go:101.2,101.8 1 1
github.com/Gary-Gs/go-clean-arch/article/usecase/article_ucase.go:85.14,87.3 1 0
github.com/Gary-Gs/go-clean-arch/article/usecase/article_ucase.go:93.16,95.3 1 1
github.com/Gary-Gs/go-clean-arch/article/usecase/article_ucase.go:98.16,100.3 1 0
github.com/Gary-Gs/go-clean-arch/article/usecase/article_ucase.go:104.95,109.16 4 1
github.com/Gary-Gs/go-clean-arch/article/usecase/article_ucase.go:113.2,114.16 2 1
github.com/Gary-Gs/go-clean-arch/article/usecase/article_ucase.go:117.2,118.8 2 1
github.com/Gary-Gs/go-clean-arch/article/usecase/article_ucase.go:109.16,111.3 1 1
github.com/Gary-Gs/go-clean-arch/article/usecase/article_ucase.go:114.16,116.3 1 0
github.com/Gary-Gs/go-clean-arch/article/usecase/article_ucase.go:121.84,127.2 4 1
github.com/Gary-Gs/go-clean-arch/article/usecase/article_ucase.go:129.102,133.16 4 1
github.com/Gary-Gs/go-clean-arch/article/usecase/article_ucase.go:137.2,138.16 2 1
github.com/Gary-Gs/go-clean-arch/article/usecase/article_ucase.go:142.2,143.8 2 1
github.com/Gary-Gs/go-clean-arch/article/usecase/article_ucase.go:133.16,135.3 1 1
github.com/Gary-Gs/go-clean-arch/article/usecase/article_ucase.go:138.16,140.3 1 0
github.com/Gary-Gs/go-clean-arch/article/usecase/article_ucase.go:146.82,150.42 4 1
github.com/Gary-Gs/go-clean-arch/article/usecase/article_ucase.go:154.2,155.8 2 1
github.com/Gary-Gs/go-clean-arch/article/usecase/article_ucase.go:150.42,152.3 1 1
github.com/Gary-Gs/go-clean-arch/article/usecase/article_ucase.go:158.74,162.16 4 1
github.com/Gary-Gs/go-clean-arch/article/usecase/article_ucase.go:165.2,165.42 1 1
github.com/Gary-Gs/go-clean-arch/article/usecase/article_ucase.go:168.2,168.38 1 1
github.com/Gary-Gs/go-clean-arch/article/usecase/article_ucase.go:162.16,164.3 1 1
github.com/Gary-Gs/go-clean-arch/article/usecase/article_ucase.go:165.42,167.3 1 1
github.com/Gary-Gs/go-clean-arch/article/delivery/http/middleware/middleware.go:11.69,12.36 1 1
github.com/Gary-Gs/go-clean-arch/article/delivery/http/middleware/middleware.go:12.36,15.3 2 1
github.com/Gary-Gs/go-clean-arch/article/delivery/http/middleware/middleware.go:19.37,21.2 1 1
github.com/Gary-Gs/go-clean-arch/article/delivery/http/article_handler.go:25.64,33.2 5 0
github.com/Gary-Gs/go-clean-arch/article/delivery/http/article_handler.go:36.61,43.16 6 1
github.com/Gary-Gs/go-clean-arch/article/delivery/http/article_handler.go:47.2,48.38 2 1
github.com/Gary-Gs/go-clean-arch/article/delivery/http/article_handler.go:43.16,45.3 1 1
github.com/Gary-Gs/go-clean-arch/article/delivery/http/article_handler.go:52.56,54.16 2 1
github.com/Gary-Gs/go-clean-arch/article/delivery/http/article_handler.go:58.2,62.16 4 1
github.com/Gary-Gs/go-clean-arch/article/delivery/http/article_handler.go:66.2,66.35 1 1
github.com/Gary-Gs/go-clean-arch/article/delivery/http/article_handler.go:54.16,56.3 1 0
github.com/Gary-Gs/go-clean-arch/article/delivery/http/article_handler.go:62.16,64.3 1 0
github.com/Gary-Gs/go-clean-arch/article/delivery/http/article_handler.go:69.54,72.16 3 1
github.com/Gary-Gs/go-clean-arch/article/delivery/http/article_handler.go:75.2,75.18 1 1
github.com/Gary-Gs/go-clean-arch/article/delivery/http/article_handler.go:72.16,74.3 1 0
github.com/Gary-Gs/go-clean-arch/article/delivery/http/article_handler.go:79.60,82.16 3 1
github.com/Gary-Gs/go-clean-arch/article/delivery/http/article_handler.go:86.2,87.45 2 1
github.com/Gary-Gs/go-clean-arch/article/delivery/http/article_handler.go:91.2,93.16 3 1
github.com/Gary-Gs/go-clean-arch/article/delivery/http/article_handler.go:97.2,97.44 1 1
github.com/Gary-Gs/go-clean-arch/article/delivery/http/article_handler.go:82.16,84.3 1 0
github.com/Gary-Gs/go-clean-arch/article/delivery/http/article_handler.go:87.45,89.3 1 0
github.com/Gary-Gs/go-clean-arch/article/delivery/http/article_handler.go:93.16,95.3 1 0
github.com/Gary-Gs/go-clean-arch/article/delivery/http/article_handler.go:101.55,103.16 2 1
github.com/Gary-Gs/go-clean-arch/article/delivery/http/article_handler.go:107.2,111.16 4 1
github.com/Gary-Gs/go-clean-arch/article/delivery/http/article_handler.go:115.2,115.42 1 1
github.com/Gary-Gs/go-clean-arch/article/delivery/http/article_handler.go:103.16,105.3 1 0
github.com/Gary-Gs/go-clean-arch/article/delivery/http/article_handler.go:111.16,113.3 1 0
github.com/Gary-Gs/go-clean-arch/article/delivery/http/article_handler.go:118.35,119.16 1 1
github.com/Gary-Gs/go-clean-arch/article/delivery/http/article_handler.go:123.2,124.13 2 1
github.com/Gary-Gs/go-clean-arch/article/delivery/http/article_handler.go:119.16,121.3 1 0
github.com/Gary-Gs/go-clean-arch/article/delivery/http/article_handler.go:125.37,126.40 1 1
github.com/Gary-Gs/go-clean-arch/article/delivery/http/article_handler.go:127.26,128.29 1 0
github.com/Gary-Gs/go-clean-arch/article/delivery/http/article_handler.go:129.26,130.29 1 0
github.com/Gary-Gs/go-clean-arch/article/delivery/http/article_handler.go:131.10,132.40 1 0
